{'_id': ObjectId('5bd7cf53bc877a065acb4a18'), 'city': '湖州', 'date': '2014-01-05', 'AQI': '289', 'grade': '重度污染', 'PM25': '239', 'PM10': '298', 'SO2': '36', 'CO': '2.1', 'NO2': '97', 'O3_8h': '36'}
{'_id': ObjectId('5bd7cf55bc877a065acb50f9'), 'city': '哈尔滨', 'date': '2014-01-05', 'AQI': '412', 'grade': '严重污染', 'PM25': '369', 'PM10': '450', 'SO2': '184', 'CO': '3.2', 'NO2': '123', 'O3_8h': '22'}
{'_id': ObjectId('5bd7cf56bc877a065acb57d9'), 'city': '南昌', 'date': '2014-01-05', 'AQI': '132', 'grade': '轻度污染', 'PM25': '101', 'PM10': '167', 'SO2': '44', 'CO': '1.5', 'NO2': '55', 'O3_8h': '73'}
{'_id': ObjectId('5bd7cf57bc877a065acb5eba'), 'city': '天津', 'date': '2014-01-05', 'AQI': '121', 'grade': '轻度污染', 'PM25': '92', 'PM10': '143', 'SO2': '109', 'CO': '2.6', 'NO2': '67', 'O3_8h': '31'}
{'_id': ObjectId('5bd7cf58bc877a065acb659b'), 'city': '杭州', 'date': '2014-01-05', 'AQI': '255', 'grade': '重度污染', 'PM25': '205', 'PM10': '277', 'SO2': '50', 'CO': '2.0', 'NO2': '89', 'O3_8h': '47'}
{'_id': ObjectId('5bd7cf59bc877a065acb6c7c'), 'city': '大连', 'date': '2014-01-05', 'AQI': '100', 'grade': '良', 'PM25': '75', 'PM10': '108', 'SO2': '60', 'CO': '1.1', 'NO2': '45', 'O3_8h': '25'}
{'_id': ObjectId('5bd7cf5abc877a065acb735d'), 'city': '绍兴', 'date': '2014-01-05', 'AQI': '279', 'grade': '重度污染', 'PM25': '229', 'PM10': '333', 'SO2': '40', 'CO': '1.9', 'NO2': '67', 'O3_8h': '31'}
{'_id': ObjectId('5bd7cf5cbc877a065acb7fb3'), 'city': '上海', 'date': '2014-01-05', 'AQI': '65', 'grade': '良', 'PM25': '47', 'PM10': '60', 'SO2': '25', 'CO': '1.0', 'NO2': '63', 'O3_8h': '31'}
{'_id': ObjectId('5bd7cf5dbc877a065acb8694'), 'city': '宁波', 'date': '2014-01-05', 'AQI': '135', 'grade': '轻度污染', 'PM25': '103', 'PM10': '161', 'SO2': '31', 'CO': '1.4', 'NO2': '65', 'O3_8h': '41'}
{'_id': ObjectId('5bd7cf5ebc877a065acb8d75'), 'city': '深圳', 'date': '2014-01-05', 'AQI': '126', 'grade': '轻度污染', 'PM25': '96', 'PM10': '138', 'SO2': '27', 'CO': '1.3', 'NO2': '32', 'O3_8h': '143'}
{'_id': ObjectId('5bd7cf5fbc877a065acb9456'), 'city': '西安', 'date': '2014-01-05', 'AQI': '201', 'grade': '重度污染', 'PM25': '151', 'PM10': '288', 'SO2': '108', 'CO': '4.2', 'NO2': '82', 'O3_8h': '17'}
{'_id': ObjectId('5bd7cf60bc877a065acb9b36'), 'city': '武汉', 'date': '2014-01-05', 'AQI': '195', 'grade': '中度污染', 'PM25': '147', 'PM10': '213', 'SO2': '89', 'CO': '2.2', 'NO2': '91', 'O3_8h': '53'}
{'_id': ObjectId('5bd7cf62bc877a065acba215'), 'city': '厦门', 'date': '2014-01-05', 'AQI': '140', 'grade': '轻度污染', 'PM25': '107', 'PM10': '132', 'SO2': '53', 'CO': '1.2', 'NO2': '38', 'O3_8h': '141'}
{'_id': ObjectId('5bd7cf63bc877a065acba8f6'), 'city': '福州', 'date': '2014-01-05', 'AQI': '206', 'grade': '重度污染', 'PM25': '156', 'PM10': '203', 'SO2': '42', 'CO': '1.4', 'NO2': '76', 'O3_8h': '65'}
{'_id': ObjectId('5bd7cf64bc877a065acbafd2'), 'city': '广州', 'date': '2014-01-05', 'AQI': '149', 'grade': '轻度污染', 'PM25': '114', 'PM10': '143', 'SO2': '39', 'CO': '1.4', 'NO2': '89', 'O3_8h': '113'}
{'_id': ObjectId('5bd7cf65bc877a065acbb6b3'), 'city': '重庆', 'date': '2014-01-05', 'AQI': '210', 'grade': '重度污染', 'PM25': '160', 'PM10': '214', 'SO2': '37', 'CO': '1.6', 'NO2': '47', 'O3_8h': '33'}
{'_id': ObjectId('5bd7cf66bc877a065acbbd94'), 'city': '青岛', 'date': '2014-01-05', 'AQI': '96', 'grade': '良', 'PM25': '72', 'PM10': '126', 'SO2': '55', 'CO': '1.1', 'NO2': '50', 'O3_8h': '39'}
{'_id': ObjectId('5bd7cf67bc877a065acbc475'), 'city': '温州', 'date': '2014-01-05', 'AQI': '228', 'grade': '重度污染', 'PM25': '178', 'PM10': '275', 'SO2': '53', 'CO': '1.7', 'NO2': '94', 'O3_8h': '59'}
{'_id': ObjectId('5bd7cf68bc877a065acbcb56'), 'city': '昆明', 'date': '2014-01-05', 'AQI': '62', 'grade': '良', 'PM25': '34', 'PM10': '75', 'SO2': '28', 'CO': '1.4', 'NO2': '44', 'O3_8h': '59'}
{'_id': ObjectId('5bd7cf69bc877a065acbd237'), 'city': '济南', 'date': '2014-01-05', 'AQI': '242', 'grade': '重度污染', 'PM25': '192', 'PM10': '315', 'SO2': '127', 'CO': '1.8', 'NO2': '79', 'O3_8h': '24'}
{'_id': ObjectId('5bd7cf6abc877a065acbd915'), 'city': '泉州', 'date': '2014-01-05', 'AQI': '177', 'grade': '中度污染', 'PM25': '134', 'PM10': '182', 'SO2': '44', 'CO': '1.3', 'NO2': '36', 'O3_8h': '122'}
{'_id': ObjectId('5bd7cf6bbc877a065acbdff6'), 'city': '中山', 'date': '2014-01-05', 'AQI': '153', 'grade': '中度污染', 'PM25': '117', 'PM10': '152', 'SO2': '55', 'CO': '1.3', 'NO2': '63', 'O3_8h': '138'}
{'_id': ObjectId('5bd7cf6cbc877a065acbe6d7'), 'city': '北京', 'date': '2014-01-05', 'AQI': '119', 'grade': '轻度污染', 'PM25': '91', 'PM10': '117', 'SO2': '36', 'CO': '2.3', 'NO2': '67', 'O3_8h': '44'}
{'_id': ObjectId('5bd7cf6dbc877a065acbedb7'), 'city': '成都', 'date': '2014-01-05', 'AQI': '253', 'grade': '重度污染', 'PM25': '203', 'PM10': '296', 'SO2': '59', 'CO': '1.8', 'NO2': '108', 'O3_8h': '42'}
{'_id': ObjectId('5bd7cf6ebc877a065acbf498'), 'city': '南京', 'date': '2014-01-05', 'AQI': '255', 'grade': '重度污染', 'PM25': '205', 'PM10': '333', 'SO2': '55', 'CO': '2.1', 'NO2': '95', 'O3_8h': '35'}
{'_id': ObjectId('5bd7cf70bc877a065acbfb79'), 'city': '东莞', 'date': '2014-01-05', 'AQI': '148', 'grade': '轻度污染', 'PM25': '113', 'PM10': '143', 'SO2': '46', 'CO': '1.5', 'NO2': '69', 'O3_8h': '167'}
{'_id': ObjectId('5bd7cf72bc877a065acc07c9'), 'city': '郑州', 'date': '2014-01-05', 'AQI': '139', 'grade': '轻度污染', 'PM25': '106', 'PM10': '184', 'SO2': '139', 'CO': '3.0', 'NO2': '81', 'O3_8h': '32'}
{'_id': ObjectId('5bd7cf73bc877a065acc0eaa'), 'city': '南通', 'date': '2014-01-05', 'AQI': '100', 'grade': '良', 'PM25': '75', 'PM10': '119', 'SO2': '48', 'CO': '0.8', 'NO2': '53', 'O3_8h': '45'}
{'_id': ObjectId('5bd7cf74bc877a065acc158b'), 'city': '盐城', 'date': '2014-01-05', 'AQI': '84', 'grade': '良', 'PM25': '62', 'PM10': '97', 'SO2': '31', 'CO': '0.8', 'NO2': '34', 'O3_8h': '51'}
{'_id': ObjectId('5bd7cf75bc877a065acc1c6c'), 'city': '苏州', 'date': '2014-01-05', 'AQI': '138', 'grade': '轻度污染', 'PM25': '105', 'PM10': '119', 'SO2': '37', 'CO': '1.1', 'NO2': '80', 'O3_8h': '30'}
{'_id': ObjectId('5bd7cf76bc877a065acc2348'), 'city': '金华', 'date': '2014-01-05', 'AQI': '308', 'grade': '严重污染', 'PM25': '258', 'PM10': '310', 'SO2': '81', 'CO': '1.9', 'NO2': '90', 'O3_8h': '72'}
{'_id': ObjectId('5bd7cf77bc877a065acc2a29'), 'city': '无锡', 'date': '2014-01-05', 'AQI': '154', 'grade': '中度污染', 'PM25': '117', 'PM10': '172', 'SO2': '56', 'CO': '1.3', 'NO2': '84', 'O3_8h': '39'}
{'_id': ObjectId('5bd7cf78bc877a065acc3104'), 'city': '廊坊', 'date': '2014-01-05', 'AQI': '172', 'grade': '中度污染', 'PM25': '130', 'PM10': '165', 'SO2': '68', 'CO': '1.8', 'NO2': '71', 'O3_8h': '54'}
{'_id': ObjectId('5bd7cf79bc877a065acc37e5'), 'city': '沈阳', 'date': '2014-01-05', 'AQI': '121', 'grade': '轻度污染', 'PM25': '92', 'PM10': '134', 'SO2': '199', 'CO': '1.2', 'NO2': '62', 'O3_8h': '30'}
{'_id': ObjectId('5bd7cf7abc877a065acc3ebe'), 'city': '珠海', 'date': '2014-01-05', 'AQI': '152', 'grade': '中度污染', 'PM25': '116', 'PM10': '167', 'SO2': '29', 'CO': '1.3', 'NO2': '75', 'O3_8h': '118'}
{'_id': ObjectId('5bd7cf7bbc877a065acc459f'), 'city': '保定', 'date': '2014-01-05', 'AQI': '229', 'grade': '重度污染', 'PM25': '179', 'PM10': '322', 'SO2': '121', 'CO': '3.4', 'NO2': '114', 'O3_8h': '22'}
{'_id': ObjectId('5bd7cf7cbc877a065acc4c77'), 'city': '柳州', 'date': '2014-01-05', 'AQI': '215', 'grade': '重度污染', 'PM25': '165', 'PM10': '236', 'SO2': '65', 'CO': '1.6', 'NO2': '83', 'O3_8h': '130'}
{'_id': ObjectId('5bd7cf7ebc877a065acc5358'), 'city': '台州', 'date': '2014-01-05', 'AQI': '242', 'grade': '重度污染', 'PM25': '192', 'PM10': '281', 'SO2': '44', 'CO': '1.9', 'NO2': '64', 'O3_8h': '82'}
{'_id': ObjectId('5bd7cf7fbc877a065acc5fae'), 'city': '江门', 'date': '2014-01-05', 'AQI': '159', 'grade': '中度污染', 'PM25': '121', 'PM10': '185', 'SO2': '60', 'CO': '1.9', 'NO2': '114', 'O3_8h': '107'}
{'_id': ObjectId('5bd7cf81bc877a065acc668f'), 'city': '惠州', 'date': '2014-01-05', 'AQI': '128', 'grade': '轻度污染', 'PM25': '98', 'PM10': '139', 'SO2': '38', 'CO': '1.1', 'NO2': '42', 'O3_8h': '171'}
{'_id': ObjectId('5bd7cf82bc877a065acc6d70'), 'city': '常州', 'date': '2014-01-05', 'AQI': '163', 'grade': '中度污染', 'PM25': '124', 'PM10': '181', 'SO2': '71', 'CO': '1.7', 'NO2': '64', 'O3_8h': '47'}
{'_id': ObjectId('5bd7cf83bc877a065acc7451'), 'city': '嘉兴', 'date': '2014-01-05', 'AQI': '179', 'grade': '中度污染', 'PM25': '135', 'PM10': '195', 'SO2': '59', 'CO': '1.9', 'NO2': '85', 'O3_8h': '50'}
{'_id': ObjectId('5bd7cf85bc877a065acc80a7'), 'city': '聊城', 'date': '2014-01-05', 'AQI': '232', 'grade': '重度污染', 'PM25': '182', 'PM10': '278', 'SO2': '93', 'CO': '2.6', 'NO2': '81', 'O3_8h': '13'}
{'_id': ObjectId('5bd7cf86bc877a065acc8788'), 'city': '佛山', 'date': '2014-01-05', 'AQI': '155', 'grade': '中度污染', 'PM25': '119', 'PM10': '181', 'SO2': '65', 'CO': '1.7', 'NO2': '102', 'O3_8h': '108'}
{'_id': ObjectId('5bd7cf87bc877a065acc8e69'), 'city': '南宁', 'date': '2014-01-05', 'AQI': '203', 'grade': '重度污染', 'PM25': '153', 'PM10': '217', 'SO2': '44', 'CO': '1.6', 'NO2': '76', 'O3_8h': '135'}
{'_id': ObjectId('5bd7cf88bc877a065acc954a'), 'city': '合肥', 'date': '2014-01-05', 'AQI': '246', 'grade': '重度污染', 'PM25': '196', 'PM10': '227', 'SO2': '56', 'CO': '2.4', 'NO2': '56', 'O3_8h': '31'}
{'_id': ObjectId('5bd7cf89bc877a065acc9c2b'), 'city': '宿迁', 'date': '2014-01-05', 'AQI': '145', 'grade': '轻度污染', 'PM25': '111', 'PM10': '180', 'SO2': '49', 'CO': '2.0', 'NO2': '75', 'O3_8h': '25'}
{'_id': ObjectId('5bd7cf8cbc877a065accadf6'), 'city': '长沙', 'date': '2014-01-05', 'AQI': '158', 'grade': '中度污染', 'PM25': '121', 'PM10': '142', 'SO2': '50', 'CO': '1.6', 'NO2': '87', 'O3_8h': '65'}
{'_id': ObjectId('5bd7cf8dbc877a065accb4d4'), 'city': '泰州', 'date': '2014-01-05', 'AQI': '140', 'grade': '轻度污染', 'PM25': '107', 'PM10': '178', 'SO2': '53', 'CO': '1.6', 'NO2': '26', 'O3_8h': '35'}
{'_id': ObjectId('5bd7cf8ebc877a065accbbb4'), 'city': '丽水', 'date': '2014-01-05', 'AQI': '165', 'grade': '中度污染', 'PM25': '126', 'PM10': '171', 'SO2': '56', 'CO': '1.2', 'NO2': '70', 'O3_8h': '68'}
{'_id': ObjectId('5bd7cf8fbc877a065accc295'), 'city': '邯郸', 'date': '2014-01-05', 'AQI': '229', 'grade': '重度污染', 'PM25': '179', 'PM10': '258', 'SO2': '140', 'CO': '3.2', 'NO2': '78', 'O3_8h': '16'}
{'_id': ObjectId('5bd7cf90bc877a065accc975'), 'city': '贵阳', 'date': '2014-01-05', 'AQI': '151', 'grade': '中度污染', 'PM25': '116', 'PM10': '162', 'SO2': '89', 'CO': '1.5', 'NO2': '65', 'O3_8h': '81'}
{'_id': ObjectId('5bd7cf92bc877a065accd5cb'), 'city': '徐州', 'date': '2014-01-05', 'AQI': '205', 'grade': '重度污染', 'PM25': '155', 'PM10': '219', 'SO2': '55', 'CO': '1.8', 'NO2': '61', 'O3_8h': '19'}
{'_id': ObjectId('5bd7cf94bc877a065acce21a'), 'city': '株洲', 'date': '2014-01-05', 'AQI': '163', 'grade': '中度污染', 'PM25': '124', 'PM10': '181', 'SO2': '69', 'CO': '1.4', 'NO2': '70', 'O3_8h': '64'}
{'_id': ObjectId('5bd7cf95bc877a065acce8fb'), 'city': '荆州', 'date': '2014-01-05', 'AQI': '250', 'grade': '重度污染', 'PM25': '200', 'PM10': '351', 'SO2': '164', 'CO': '2.1', 'NO2': '84', 'O3_8h': '85'}
{'_id': ObjectId('5bd7cf96bc877a065accefdc'), 'city': '太原', 'date': '2014-01-05', 'AQI': '87', 'grade': '良', 'PM25': '65', 'PM10': '118', 'SO2': '108', 'CO': '2.8', 'NO2': '36', 'O3_8h': '24'}
{'_id': ObjectId('5bd7cf97bc877a065accf6bd'), 'city': '濮阳', 'date': '2014-01-05', 'AQI': '234', 'grade': '重度污染', 'PM25': '184', 'PM10': '248', 'SO2': '46', 'CO': '2.5', 'NO2': '85', 'O3_8h': '31'}
{'_id': ObjectId('5bd7cf98bc877a065accfd81'), 'city': '淮安', 'date': '2014-01-05', 'AQI': '137', 'grade': '轻度污染', 'PM25': '105', 'PM10': '56', 'SO2': '20', 'CO': '1.9', 'NO2': '58', 'O3_8h': '55'}
{'_id': ObjectId('5bd7cf9abc877a065acd09d7'), 'city': '扬州', 'date': '2014-01-05', 'AQI': '162', 'grade': '中度污染', 'PM25': '124', 'PM10': '192', 'SO2': '82', 'CO': '1.4', 'NO2': '52', 'O3_8h': '24'}
{'_id': ObjectId('5bd7cf9cbc877a065acd162d'), 'city': '镇江', 'date': '2014-01-05', 'AQI': '178', 'grade': '中度污染', 'PM25': '135', 'PM10': '213', 'SO2': '45', 'CO': '1.5', 'NO2': '80', 'O3_8h': '38'}
{'_id': ObjectId('5bd7cf9ebc877a065acd2270'), 'city': '咸阳', 'date': '2014-01-05', 'AQI': '126', 'grade': '轻度污染', 'PM25': '96', 'PM10': '160', 'SO2': '94', 'CO': '2.1', 'NO2': '42', 'O3_8h': '11'}
{'_id': ObjectId('5bd7cfa2bc877a065acd3f24'), 'city': '日照', 'date': '2014-01-05', 'AQI': '104', 'grade': '轻度污染', 'PM25': '78', 'PM10': '134', 'SO2': '36', 'CO': '1.3', 'NO2': '50', 'O3_8h': '27'}
{'_id': ObjectId('5bd7cfa4bc877a065acd4b7a'), 'city': '石家庄', 'date': '2014-01-05', 'AQI': '274', 'grade': '重度污染', 'PM25': '224', 'PM10': '376', 'SO2': '150', 'CO': '3.3', 'NO2': '85', 'O3_8h': '30'}
{'_id': ObjectId('5bd7cfa5bc877a065acd5254'), 'city': '汕尾', 'date': '2014-01-05', 'AQI': '139', 'grade': '轻度污染', 'PM25': '106', 'PM10': '139', 'SO2': '28', 'CO': '1.7', 'NO2': '24', 'O3_8h': '187'}
{'_id': ObjectId('5bd7cfa6bc877a065acd5935'), 'city': '清远', 'date': '2014-01-05', 'AQI': '150', 'grade': '轻度污染', 'PM25': '115', 'PM10': '160', 'SO2': '62', 'CO': '1.8', 'NO2': '69', 'O3_8h': '126'}
{'_id': ObjectId('5bd7cfa7bc877a065acd600f'), 'city': '济宁', 'date': '2014-01-05', 'AQI': '214', 'grade': '重度污染', 'PM25': '164', 'PM10': '302', 'SO2': '174', 'CO': '2.2', 'NO2': '72', 'O3_8h': '18'}
{'_id': ObjectId('5bd7cfa8bc877a065acd66f0'), 'city': '德阳', 'date': '2014-01-05', 'AQI': '205', 'grade': '重度污染', 'PM25': '155', 'PM10': '203', 'SO2': '32', 'CO': '2.9', 'NO2': '60', 'O3_8h': '70'}
{'_id': ObjectId('5bd7cfaabc877a065acd7346'), 'city': '舟山', 'date': '2014-01-05', 'AQI': '53', 'grade': '良', 'PM25': '27', 'PM10': '55', 'SO2': '10', 'CO': '0.7', 'NO2': '26', 'O3_8h': '64'}
{'_id': ObjectId('5bd7cfabbc877a065acd7a26'), 'city': '湛江', 'date': '2014-01-05', 'AQI': '106', 'grade': '轻度污染', 'PM25': '80', 'PM10': '94', 'SO2': '37', 'CO': '1.3', 'NO2': '27', 'O3_8h': '165'}
{'_id': ObjectId('5bd7cfacbc877a065acd8104'), 'city': '三亚', 'date': '2014-01-05', 'AQI': '124', 'grade': '轻度污染', 'PM25': '94', 'PM10': '124', 'SO2': '10', 'CO': '0.9', 'NO2': '18', 'O3_8h': '174'}
{'_id': ObjectId('5bd7cfadbc877a065acd87e5'), 'city': '威海', 'date': '2014-01-05', 'AQI': '79', 'grade': '良', 'PM25': '58', 'PM10': '94', 'SO2': '45', 'CO': '1.1', 'NO2': '46', 'O3_8h': '37'}
{'_id': ObjectId('5bd7cfafbc877a065acd943a'), 'city': '邢台', 'date': '2014-01-05', 'AQI': '271', 'grade': '重度污染', 'PM25': '221', 'PM10': '382', 'SO2': '212', 'CO': '3.1', 'NO2': '105', 'O3_8h': '25'}
{'_id': ObjectId('5bd7cfb0bc877a065acd9b10'), 'city': '葫芦岛', 'date': '2014-01-05', 'AQI': '146', 'grade': '轻度污染', 'PM25': '112', 'PM10': '152', 'SO2': '113', 'CO': '2.8', 'NO2': '44', 'O3_8h': '53'}
{'_id': ObjectId('5bd7cfb1bc877a065acda1eb'), 'city': '张家口', 'date': '2014-01-05', 'AQI': '74', 'grade': '良', 'PM25': '43', 'PM10': '98', 'SO2': '93', 'CO': '1.1', 'NO2': '32', 'O3_8h': '53'}
{'_id': ObjectId('5bd7cfb2bc877a065acda8cc'), 'city': '东营', 'date': '2014-01-05', 'AQI': '155', 'grade': '中度污染', 'PM25': '118', 'PM10': '197', 'SO2': '134', 'CO': '2.1', 'NO2': '66', 'O3_8h': '33'}
{'_id': ObjectId('5bd7cfb3bc877a065acdafad'), 'city': '锦州', 'date': '2014-01-05', 'AQI': '182', 'grade': '中度污染', 'PM25': '137', 'PM10': '162', 'SO2': '102', 'CO': '1.7', 'NO2': '53', 'O3_8h': '51'}
{'_id': ObjectId('5bd7cfb4bc877a065acdb68d'), 'city': '抚顺', 'date': '2014-01-05', 'AQI': '76', 'grade': '良', 'PM25': '56', 'PM10': '76', 'SO2': '47', 'CO': '1.4', 'NO2': '37', 'O3_8h': '43'}
{'_id': ObjectId('5bd7cfb6bc877a065acdc2dd'), 'city': '宜昌', 'date': '2014-01-05', 'AQI': '283', 'grade': '重度污染', 'PM25': '233', 'PM10': '308', 'SO2': '60', 'CO': '1.7', 'NO2': '55', 'O3_8h': '49'}
{'_id': ObjectId('5bd7cfb8bc877a065acdcee5'), 'city': '宝鸡', 'date': '2014-01-05', 'AQI': '152', 'grade': '中度污染', 'PM25': '117', 'PM10': '156', 'SO2': '93', 'CO': '2.5', 'NO2': '60', 'O3_8h': '23'}
{'_id': ObjectId('5bd7cfb9bc877a065acdd5c6'), 'city': '潍坊', 'date': '2014-01-05', 'AQI': '158', 'grade': '中度污染', 'PM25': '121', 'PM10': '194', 'SO2': '119', 'CO': '2.0', 'NO2': '57', 'O3_8h': '28'}
{'_id': ObjectId('5bd7cfbcbc877a065acde791'), 'city': '长治', 'date': '2014-01-05', 'AQI': '140', 'grade': '轻度污染', 'PM25': '107', 'PM10': '173', 'SO2': '16', 'CO': '2.1', 'NO2': '61', 'O3_8h': '34'}
{'_id': ObjectId('5bd7cfbdbc877a065acdee70'), 'city': '烟台', 'date': '2014-01-05', 'AQI': '116', 'grade': '轻度污染', 'PM25': '88', 'PM10': '110', 'SO2': '64', 'CO': '1.5', 'NO2': '66', 'O3_8h': '20'}
{'_id': ObjectId('5bd7cfbebc877a065acdf551'), 'city': '肇庆', 'date': '2014-01-05', 'AQI': '167', 'grade': '中度污染', 'PM25': '127', 'PM10': '178', 'SO2': '48', 'CO': '1.5', 'NO2': '71', 'O3_8h': '112'}
{'_id': ObjectId('5bd7cfbfbc877a065acdfc32'), 'city': '衢州', 'date': '2014-01-05', 'AQI': '290', 'grade': '重度污染', 'PM25': '240', 'PM10': '265', 'SO2': '85', 'CO': '1.7', 'NO2': '81', 'O3_8h': '80'}
{'_id': ObjectId('5bd7cfc0bc877a065ace0310'), 'city': '芜湖', 'date': '2014-01-05', 'AQI': '241', 'grade': '重度污染', 'PM25': '191', 'PM10': '270', 'SO2': '45', 'CO': '2.0', 'NO2': '64', 'O3_8h': '46'}
{'_id': ObjectId('5bd7cfc2bc877a065ace0f66'), 'city': '信阳', 'date': '2014-01-05', 'AQI': '159', 'grade': '中度污染', 'PM25': '121', 'PM10': '157', 'SO2': '63', 'CO': '1.5', 'NO2': '66', 'O3_8h': '81'}
{'_id': ObjectId('5bd7cfc5bc877a065ace26a4'), 'city': '绵阳', 'date': '2014-01-05', 'AQI': '225', 'grade': '重度污染', 'PM25': '175', 'PM10': '210', 'SO2': '23', 'CO': '1.3', 'NO2': '63', 'O3_8h': '66'}
{'_id': ObjectId('5bd7cfc7bc877a065ace32f4'), 'city': '洛阳', 'date': '2014-01-05', 'AQI': '97', 'grade': '良', 'PM25': '72', 'PM10': '139', 'SO2': '61', 'CO': '3.3', 'NO2': '56', 'O3_8h': '36'}
{'_id': ObjectId('5bd7cfc8bc877a065ace39d5'), 'city': '营口', 'date': '2014-01-05', 'AQI': '96', 'grade': '良', 'PM25': '71', 'PM10': '125', 'SO2': '93', 'CO': '2.2', 'NO2': '60', 'O3_8h': '31'}
{'_id': ObjectId('5bd7cfcabc877a065ace4625'), 'city': '阳江', 'date': '2014-01-05', 'AQI': '171', 'grade': '中度污染', 'PM25': '129', 'PM10': '176', 'SO2': '35', 'CO': '1.7', 'NO2': '53', 'O3_8h': '156'}
{'_id': ObjectId('5bd7cfcbbc877a065ace4d06'), 'city': '自贡', 'date': '2014-01-05', 'AQI': '189', 'grade': '中度污染', 'PM25': '142', 'PM10': '179', 'SO2': '35', 'CO': '1.1', 'NO2': '29', 'O3_8h': '27'}
